[debug] [2025-02-26T10:36:42.617Z] ----------------------------------------------------------------------
[debug] [2025-02-26T10:36:42.623Z] Command:       /usr/local/bin/node /usr/local/bin/firebase init hosting:github
[debug] [2025-02-26T10:36:42.623Z] CLI Version:   13.31.2
[debug] [2025-02-26T10:36:42.623Z] Platform:      darwin
[debug] [2025-02-26T10:36:42.623Z] Node Version:  v22.13.0
[debug] [2025-02-26T10:36:42.624Z] Time:          Wed Feb 26 2025 16:06:42 GMT+0530 (India Standard Time)
[debug] [2025-02-26T10:36:42.624Z] ----------------------------------------------------------------------
[debug] 
[debug] [2025-02-26T10:36:42.744Z] > command requires scopes: ["email","openid","https://www.googleapis.com/auth/cloudplatformprojects.readonly","https://www.googleapis.com/auth/firebase","https://www.googleapis.com/auth/cloud-platform"]
[debug] [2025-02-26T10:36:42.745Z] > authorizing via signed-in user (navneetishere007@gmail.com)
[info] 
     ######## #### ########  ######## ########     ###     ######  ########
     ##        ##  ##     ## ##       ##     ##  ##   ##  ##       ##
     ######    ##  ########  ######   ########  #########  ######  ######
     ##        ##  ##    ##  ##       ##     ## ##     ##       ## ##
     ##       #### ##     ## ######## ########  ##     ##  ######  ########

You're about to initialize a Firebase project in this directory:

  /Users/navneetyadav/Downloads/elo-main

Before we get started, keep in mind:

  * You are initializing within an existing Firebase project directory

[info] 
=== Project Setup
[info] 
[info] First, let's associate this project directory with a Firebase project.
[info] You can create multiple project aliases by running firebase use --add, 
[info] but for now we'll just set up a default project.
[info] 
[debug] [2025-02-26T10:36:42.746Z] Using project from CLI flag: elorating-e076d
[debug] [2025-02-26T10:36:42.747Z] Checked if tokens are valid: true, expires at: 1740569611195
[debug] [2025-02-26T10:36:42.747Z] Checked if tokens are valid: true, expires at: 1740569611195
[debug] [2025-02-26T10:36:42.747Z] >>> [apiv2][query] GET https://firebase.googleapis.com/v1beta1/projects/elorating-e076d [none]
[debug] [2025-02-26T10:36:43.541Z] <<< [apiv2][status] GET https://firebase.googleapis.com/v1beta1/projects/elorating-e076d 200
[debug] [2025-02-26T10:36:43.542Z] <<< [apiv2][body] GET https://firebase.googleapis.com/v1beta1/projects/elorating-e076d {"projectId":"elorating-e076d","projectNumber":"971651588043","displayName":"EloRating","name":"projects/elorating-e076d","resources":{"hostingSite":"elorating-e076d"},"state":"ACTIVE","etag":"1_9512d8f9-a4cf-4922-b77e-541dd270ea24"}
[info] i  Using project elorating-e076d (EloRating) 
[info] 
=== Hosting:github Setup
[info] 
[info] i  Didn't detect a .git folder. Assuming /Users/navneetyadav/Downloads/elo-main is the project root. 
[info] i  Authorizing with GitHub to upload your service account to a GitHub repository's secrets store. 
[info] 
[info] Visit this URL on this device to log in:
[info] https://github.com/login/oauth/authorize?client_id=89cf50f02ac6aaed3484&state=167525835&redirect_uri=http%3A%2F%2Flocalhost%3A9005&scope=read%3Auser%20repo%20public_repo
[info] 
[info] Waiting for authentication...
[debug] [2025-02-26T10:36:44.162Z] >>> [apiv2][query] POST https://github.com/login/oauth/access_token [none]
[debug] [2025-02-26T10:36:44.162Z] >>> [apiv2][body] POST https://github.com/login/oauth/access_token [stream]
[debug] [2025-02-26T10:36:44.583Z] <<< [apiv2][status] POST https://github.com/login/oauth/access_token 200
[debug] [2025-02-26T10:36:44.584Z] <<< [apiv2][body] POST https://github.com/login/oauth/access_token {"access_token":"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","token_type":"bearer","scope":"read:user,repo"}
[debug] [2025-02-26T10:36:44.594Z] >>> [apiv2][query] GET https://api.github.com/user [none]
[debug] [2025-02-26T10:36:45.131Z] <<< [apiv2][status] GET https://api.github.com/user 200
[debug] [2025-02-26T10:36:45.131Z] <<< [apiv2][body] GET https://api.github.com/user {"login":"Navneety007","id":73738473,"node_id":"MDQ6VXNlcjczNzM4NDcz","avatar_url":"https://avatars.githubusercontent.com/u/73738473?v=4","gravatar_id":"","url":"https://api.github.com/users/Navneety007","html_url":"https://github.com/Navneety007","followers_url":"https://api.github.com/users/Navneety007/followers","following_url":"https://api.github.com/users/Navneety007/following{/other_user}","gists_url":"https://api.github.com/users/Navneety007/gists{/gist_id}","starred_url":"https://api.github.com/users/Navneety007/starred{/owner}{/repo}","subscriptions_url":"https://api.github.com/users/Navneety007/subscriptions","organizations_url":"https://api.github.com/users/Navneety007/orgs","repos_url":"https://api.github.com/users/Navneety007/repos","events_url":"https://api.github.com/users/Navneety007/events{/privacy}","received_events_url":"https://api.github.com/users/Navneety007/received_events","type":"User","user_view_type":"private","site_admin":false,"name":"Navneet","company":null,"blog":"https://www.codestacks.codes/","location":"Gurugram, India","email":null,"hireable":null,"bio":"ah, Just a student learning and developing evidently","twitter_username":null,"notification_email":null,"public_repos":16,"public_gists":0,"followers":8,"following":1,"created_at":"2020-10-31T09:07:21Z","updated_at":"2025-02-26T07:46:00Z","private_gists":0,"total_private_repos":1,"owned_private_repos":1,"disk_usage":29503,"collaborators":1,"two_factor_authentication":true,"plan":{"name":"pro","space":976562499,"collaborators":0,"private_repos":9999}}
[info] 
[info] ✔  Success! Logged into GitHub as Navneety007 
[info] 
[debug] [2025-02-26T10:41:43.514Z] >>> [apiv2][query] GET https://api.github.com/repos/Navneety007/elo/actions/secrets/public-key type=owner
[debug] [2025-02-26T10:41:43.883Z] <<< [apiv2][status] GET https://api.github.com/repos/Navneety007/elo/actions/secrets/public-key 401
[debug] [2025-02-26T10:41:43.883Z] <<< [apiv2][body] GET https://api.github.com/repos/Navneety007/elo/actions/secrets/public-key {"message":"Bad credentials","documentation_url":"https://docs.github.com/rest","status":"401"}
[debug] [2025-02-26T10:41:49.944Z] >>> [apiv2][query] GET https://api.github.com/repos/Navneety007/elo/actions/secrets/public-key type=owner
[debug] [2025-02-26T10:41:50.212Z] >>> [apiv2][query] GET https://api.github.com/repos//actions/secrets/public-key type=owner
[debug] [2025-02-26T10:41:50.267Z] <<< [apiv2][status] GET https://api.github.com/repos/Navneety007/elo/actions/secrets/public-key 401
[debug] [2025-02-26T10:41:50.268Z] <<< [apiv2][body] GET https://api.github.com/repos/Navneety007/elo/actions/secrets/public-key {"message":"Bad credentials","documentation_url":"https://docs.github.com/rest","status":"401"}
[debug] [2025-02-26T10:41:50.376Z] >>> [apiv2][query] GET https://api.github.com/repos/Navneety007/elo/actions/secrets/public-key type=owner
[debug] [2025-02-26T10:41:50.524Z] <<< [apiv2][status] GET https://api.github.com/repos//actions/secrets/public-key 401
[debug] [2025-02-26T10:41:50.524Z] <<< [apiv2][body] GET https://api.github.com/repos//actions/secrets/public-key {"message":"Bad credentials","documentation_url":"https://docs.github.com/rest","status":"401"}
[debug] [2025-02-26T10:41:50.628Z] <<< [apiv2][status] GET https://api.github.com/repos/Navneety007/elo/actions/secrets/public-key 401
[debug] [2025-02-26T10:41:50.629Z] <<< [apiv2][body] GET https://api.github.com/repos/Navneety007/elo/actions/secrets/public-key {"message":"Bad credentials","documentation_url":"https://docs.github.com/rest","status":"401"}
[debug] [2025-02-26T10:41:51.327Z] >>> [apiv2][query] GET https://api.github.com/repos/Navneety007/elo/actions/secrets/public-key type=owner
[debug] [2025-02-26T10:41:51.570Z] <<< [apiv2][status] GET https://api.github.com/repos/Navneety007/elo/actions/secrets/public-key 401
[debug] [2025-02-26T10:41:51.570Z] <<< [apiv2][body] GET https://api.github.com/repos/Navneety007/elo/actions/secrets/public-key {"message":"Bad credentials","documentation_url":"https://docs.github.com/rest","status":"401"}
